<?xml version="1.0" encoding="UTF-8"?>
<testng-results ignored="0" total="2" passed="2" failed="0" skipped="0">
  <reporter-output>
  </reporter-output>
  <suite started-at="2024-07-08T15:23:27 IST" name="Default suite" finished-at="2024-07-08T15:25:45 IST" duration-ms="137993">
    <groups>
    </groups>
    <test started-at="2024-07-08T15:23:27 IST" name="Default test" finished-at="2024-07-08T15:25:45 IST" duration-ms="137993">
      <class name="testpackage.testclass">
        <test-method is-config="true" signature="preRequesticMethod()[pri:0, instance:testpackage.testclass@692f203f]" started-at="2024-07-08T15:23:27 IST" name="preRequesticMethod" finished-at="2024-07-08T15:23:30 IST" duration-ms="2965" status="PASS">
          <reporter-output>
          </reporter-output>
        </test-method> <!-- preRequesticMethod -->
        <test-method signature="testMethod()[pri:1, instance:testpackage.testclass@692f203f]" started-at="2024-07-08T15:23:30 IST" name="testMethod" finished-at="2024-07-08T15:24:28 IST" duration-ms="57161" status="PASS">
          <reporter-output>
          </reporter-output>
        </test-method> <!-- testMethod -->
        <test-method is-config="true" signature="postRequesticMethod()[pri:0, instance:testpackage.testclass@692f203f]" started-at="2024-07-08T15:24:28 IST" name="postRequesticMethod" finished-at="2024-07-08T15:24:28 IST" duration-ms="502" status="PASS">
          <reporter-output>
          </reporter-output>
        </test-method> <!-- postRequesticMethod -->
        <test-method is-config="true" signature="preRequesticMethod()[pri:0, instance:testpackage.testclass@692f203f]" started-at="2024-07-08T15:24:28 IST" name="preRequesticMethod" finished-at="2024-07-08T15:24:30 IST" duration-ms="1505" status="PASS">
          <reporter-output>
          </reporter-output>
        </test-method> <!-- preRequesticMethod -->
        <test-method signature="testMethod2()[pri:2, instance:testpackage.testclass@692f203f]" started-at="2024-07-08T15:24:30 IST" name="testMethod2" finished-at="2024-07-08T15:25:45 IST" duration-ms="75229" status="PASS">
          <reporter-output>
          </reporter-output>
        </test-method> <!-- testMethod2 -->
        <test-method is-config="true" signature="postRequesticMethod()[pri:0, instance:testpackage.testclass@692f203f]" started-at="2024-07-08T15:25:45 IST" name="postRequesticMethod" finished-at="2024-07-08T15:25:45 IST" duration-ms="555" status="PASS">
          <reporter-output>
          </reporter-output>
        </test-method> <!-- postRequesticMethod -->
      </class> <!-- testpackage.testclass -->
    </test> <!-- Default test -->
  </suite> <!-- Default suite -->
</testng-results>
